<?xml version="1.0" encoding="UTF-8"?>
<testng-results ignored="0" total="1" passed="1" failed="0" skipped="0">
  <reporter-output>
  </reporter-output>
  <suite started-at="2022-09-13T12:21:19Z" name="Default suite" finished-at="2022-09-13T12:21:19Z" duration-ms="14">
    <groups>
    </groups>
    <test started-at="2022-09-13T12:21:19Z" name="Default test" finished-at="2022-09-13T12:21:19Z" duration-ms="14">
      <class name="org.mavenproject1.NewTest">
        <test-method signature="f()[pri:0, instance:org.mavenproject1.NewTest@740cae06]" started-at="2022-09-13T12:21:19Z" name="f" finished-at="2022-09-13T12:21:19Z" duration-ms="4" status="PASS">
          <reporter-output>
          </reporter-output>
        </test-method> <!-- f -->
      </class> <!-- org.mavenproject1.NewTest -->
    </test> <!-- Default test -->
  </suite> <!-- Default suite -->
</testng-results>
